<?xml version="1.0" encoding="UTF-8"?>
<!-- Generated by org.testng.reporters.JUnitXMLReporter -->
<testsuite ignored="0" hostname="DESKTOP-39GVIKO" failures="1" tests="17" name="Test" time="36.822" errors="0" timestamp="2022-10-15T13:35:00 IST">
  <testcase classname="swagger.petstore.pet" name="addPet" time="10.205"/>
  <testcase classname="swagger.petstore.pet" name="findPet" time="1.341"/>
  <testcase classname="swagger.petstore.pet" name="getStatus" time="1.539"/>
  <testcase classname="swagger.petstore.pet" name="modifyPet" time="1.299"/>
  <testcase classname="swagger.petstore.pet" name="updatePet" time="1.249"/>
  <testcase classname="swagger.petstore.pet" name="uploadImage" time="2.169"/>
  <testcase classname="swagger.petstore.pet" name="deletePet" time="1.249"/>
  <testcase classname="swagger.petstore.user" name="createUserWithArray" time="1.418"/>
  <testcase classname="swagger.petstore.user" name="createUserWithList" time="1.282">
    <failure type="java.lang.AssertionError" message="1 expectation failed.
Expected status code &amp;lt;200&amp;gt; but was &amp;lt;500&amp;gt;.
">
      <![CDATA[java.lang.AssertionError: 1 expectation failed.
Expected status code <200> but was <500>.

at org.codehaus.groovy.runtime.callsite.ConstructorSite$ConstructorSiteNoUnwrapNoCoerce.callConstructor(ConstructorSite.java:108)
at org.codehaus.groovy.runtime.callsite.CallSiteArray.defaultCallConstructor(CallSiteArray.java:58)
at org.codehaus.groovy.runtime.callsite.AbstractCallSite.callConstructor(AbstractCallSite.java:263)
at org.codehaus.groovy.runtime.callsite.AbstractCallSite.callConstructor(AbstractCallSite.java:277)
at io.restassured.internal.ResponseSpecificationImpl$HamcrestAssertionClosure.validate(ResponseSpecificationImpl.groovy:512)
at io.restassured.internal.ResponseSpecificationImpl$HamcrestAssertionClosure$validate$1.call(Unknown Source)
at io.restassured.internal.ResponseSpecificationImpl.validateResponseIfRequired(ResponseSpecificationImpl.groovy:696)
at io.restassured.internal.ResponseSpecificationImpl.this$2$validateResponseIfRequired(ResponseSpecificationImpl.groovy)
at org.codehaus.groovy.runtime.callsite.PlainObjectMetaMethodSite.doInvoke(PlainObjectMetaMethodSite.java:43)
at org.codehaus.groovy.runtime.callsite.PogoMetaMethodSite$PogoCachedMethodSiteNoUnwrapNoCoerce.invoke(PogoMetaMethodSite.java:198)
at org.codehaus.groovy.runtime.callsite.PogoMetaMethodSite.callCurrent(PogoMetaMethodSite.java:62)
at org.codehaus.groovy.runtime.callsite.AbstractCallSite.callCurrent(AbstractCallSite.java:185)
at io.restassured.internal.ResponseSpecificationImpl.statusCode(ResponseSpecificationImpl.groovy:135)
at io.restassured.specification.ResponseSpecification$statusCode$0.callCurrent(Unknown Source)
at io.restassured.internal.ResponseSpecificationImpl.statusCode(ResponseSpecificationImpl.groovy:143)
at io.restassured.internal.ValidatableResponseOptionsImpl.statusCode(ValidatableResponseOptionsImpl.java:89)
at swagger.petstore.user.createUserWithList(user.java:59)
at java.base/java.util.ArrayList.forEach(ArrayList.java:1511)
... Removed 31 stack frames]]>
    </failure>
  </testcase> <!-- createUserWithList -->
  <testcase classname="swagger.petstore.user" name="getUser" time="1.25"/>
  <testcase classname="swagger.petstore.user" name="login" time="1.254"/>
  <testcase classname="swagger.petstore.user" name="logout" time="1.223"/>
  <testcase classname="swagger.petstore.user" name="updateUser" time="1.258"/>
  <testcase classname="swagger.petstore.user" name="deleteUser" time="1.286"/>
  <testcase classname="swagger.petstore.store" name="placeOrder" time="3.862"/>
  <testcase classname="swagger.petstore.store" name="checkPurchase" time="1.308"/>
  <testcase classname="swagger.petstore.store" name="deleteOrder" time="1.245"/>
</testsuite> <!-- Test -->
